Added Component: Designator=BAT?(BATM)
Added Component: Designator=C?(0603P)
Added Component: Designator=C?(0603P)
Added Component: Designator=C?(0603P)
Added Component: Designator=C?(0603P)
Added Component: Designator=C?(0603P)
Added Component: Designator=C?(0603P)
Added Component: Designator=C?(0603P)
Added Component: Designator=C?(0603P)
Added Component: Designator=C?(0603P)
Added Component: Designator=C?(0603P)
Added Component: Designator=C?(0603P)
Added Component: Designator=C?(0603P)
Added Component: Designator=C?(0603P)
Added Component: Designator=C?(0603P)
Added Component: Designator=C?(0603P)
Added Component: Designator=C?(0603P)
Added Component: Designator=C?(0805)
Added Component: Designator=C?(0603P)
Added Component: Designator=C?(0603P)
Added Component: Designator=D?(DIODE_SOP)
Added Component: Designator=D?(DIODE_SOP)
Added Component: Designator=P?(HDR1X4)
Added Component: Designator=R?(0603P)
Added Component: Designator=R?(0603P)
Added Component: Designator=R?(0603P)
Added Component: Designator=R?(0603P)
Added Component: Designator=R?(0603P)
Added Component: Designator=RESET?(KEY_M)
Added Component: Designator=U?(LQFP144)
Added Component: Designator=Y?(XTAL32)
Added Component: Designator=Y?(XTAL_US)
Added Pin To Net: NetName=GND Pin=BAT?-2
Added Pin To Net: NetName=GND Pin=C?-1
Added Pin To Net: NetName=GND Pin=C?-1
Added Pin To Net: NetName=GND Pin=C?-1
Added Pin To Net: NetName=GND Pin=C?-1
Added Pin To Net: NetName=GND Pin=C?-1
Added Pin To Net: NetName=GND Pin=C?-1
Added Pin To Net: NetName=GND Pin=C?-1
Added Pin To Net: NetName=GND Pin=C?-1
Added Pin To Net: NetName=GND Pin=C?-2
Added Pin To Net: NetName=GND Pin=C?-2
Added Pin To Net: NetName=GND Pin=C?-2
Added Pin To Net: NetName=GND Pin=C?-2
Added Pin To Net: NetName=GND Pin=C?-2
Added Pin To Net: NetName=GND Pin=C?-2
Added Pin To Net: NetName=GND Pin=C?-2
Added Pin To Net: NetName=GND Pin=C?-2
Added Pin To Net: NetName=GND Pin=C?-2
Added Pin To Net: NetName=GND Pin=C?-2
Added Pin To Net: NetName=GND Pin=C?-2
Added Pin To Net: NetName=GND Pin=P?-4
Added Pin To Net: NetName=GND Pin=RESET?-2
Added Pin To Net: NetName=GND Pin=RESET?-2
Added Pin To Net: NetName=GND Pin=U?-16
Added Pin To Net: NetName=GND Pin=U?-30
Added Pin To Net: NetName=GND Pin=U?-31
Added Pin To Net: NetName=GND Pin=U?-38
Added Pin To Net: NetName=GND Pin=U?-51
Added Pin To Net: NetName=GND Pin=U?-61
Added Pin To Net: NetName=GND Pin=U?-71
Added Pin To Net: NetName=GND Pin=U?-83
Added Pin To Net: NetName=GND Pin=U?-94
Added Pin To Net: NetName=GND Pin=U?-107
Added Pin To Net: NetName=GND Pin=U?-120
Added Pin To Net: NetName=GND Pin=U?-130
Added Pin To Net: NetName=GND Pin=U?-143
Added Net: Name=GND
Added Pin To Net: NetName=JTCK_SWCLK Pin=P?-3
Added Pin To Net: NetName=JTCK_SWCLK Pin=U?-109
Added Net: Name=JTCK_SWCLK
Added Pin To Net: NetName=JTMS_SWDIO Pin=P?-2
Added Pin To Net: NetName=JTMS_SWDIO Pin=U?-105
Added Net: Name=JTMS_SWDIO
Added Pin To Net: NetName=NetBAT?_1 Pin=BAT?-1
Added Pin To Net: NetName=NetBAT?_1 Pin=D?-1
Added Net: Name=NetBAT?_1
Added Pin To Net: NetName=NetC?_2 Pin=C?-2
Added Pin To Net: NetName=NetC?_2 Pin=R?-1
Added Pin To Net: NetName=NetC?_2 Pin=Y?-1
Added Net: Name=NetC?_2
Added Pin To Net: NetName=RESET Pin=C?-1
Added Pin To Net: NetName=RESET Pin=R?-2
Added Pin To Net: NetName=RESET Pin=RESET?-1
Added Pin To Net: NetName=RESET Pin=RESET?-1
Added Pin To Net: NetName=RESET Pin=U?-25
Added Net: Name=RESET
Added Pin To Net: NetName=VCC3.3M Pin=C?-1
Added Pin To Net: NetName=VCC3.3M Pin=C?-1
Added Pin To Net: NetName=VCC3.3M Pin=C?-1
Added Pin To Net: NetName=VCC3.3M Pin=C?-1
Added Pin To Net: NetName=VCC3.3M Pin=C?-1
Added Pin To Net: NetName=VCC3.3M Pin=C?-1
Added Pin To Net: NetName=VCC3.3M Pin=C?-1
Added Pin To Net: NetName=VCC3.3M Pin=C?-1
Added Pin To Net: NetName=VCC3.3M Pin=C?-1
Added Pin To Net: NetName=VCC3.3M Pin=C?-1
Added Pin To Net: NetName=VCC3.3M Pin=C?-2
Added Pin To Net: NetName=VCC3.3M Pin=D?-1
Added Pin To Net: NetName=VCC3.3M Pin=R?-2
Added Pin To Net: NetName=VCC3.3M Pin=R?-2
Added Pin To Net: NetName=VCC3.3M Pin=U?-17
Added Pin To Net: NetName=VCC3.3M Pin=U?-39
Added Pin To Net: NetName=VCC3.3M Pin=U?-52
Added Pin To Net: NetName=VCC3.3M Pin=U?-62
Added Pin To Net: NetName=VCC3.3M Pin=U?-72
Added Pin To Net: NetName=VCC3.3M Pin=U?-84
Added Pin To Net: NetName=VCC3.3M Pin=U?-95
Added Pin To Net: NetName=VCC3.3M Pin=U?-108
Added Pin To Net: NetName=VCC3.3M Pin=U?-121
Added Pin To Net: NetName=VCC3.3M Pin=U?-131
Added Pin To Net: NetName=VCC3.3M Pin=U?-144
Added Net: Name=VCC3.3M
Added Pin To Net: NetName=VCC3.3 Pin=P?-1
Added Pin To Net: NetName=VCC3.3 Pin=R?-1
Added Pin To Net: NetName=VCC3.3 Pin=R?-2
Added Net: Name=VCC3.3
Added Pin To Net: NetName=VCC Pin=R?-1
Added Pin To Net: NetName=VCC Pin=R?-1
Added Net: Name=VCC
Added Pin To Net: NetName=VDDA Pin=C?-2
Added Pin To Net: NetName=VDDA Pin=C?-2
Added Pin To Net: NetName=VDDA Pin=R?-1
Added Pin To Net: NetName=VDDA Pin=U?-32
Added Pin To Net: NetName=VDDA Pin=U?-33
Added Net: Name=VDDA
Added Class: Name=5100
Added Room: Name=5100
