Added Component: Designator=BAT1(BATM)
Added Component: Designator=C1(0603P)
Added Component: Designator=C2(0603P)
Added Component: Designator=C3(0603P)
Added Component: Designator=C4(0603P)
Added Component: Designator=C5(0603P)
Added Component: Designator=C6(0805)
Added Component: Designator=C7(0603P)
Added Component: Designator=C8(0603P)
Added Component: Designator=C9(0603P)
Added Component: Designator=C10(0603P)
Added Component: Designator=C11(0603P)
Added Component: Designator=C12(0603P)
Added Component: Designator=C13(0603P)
Added Component: Designator=C14(0603P)
Added Component: Designator=C15(0603P)
Added Component: Designator=C16(0603P)
Added Component: Designator=C17(0603P)
Added Component: Designator=C18(0603P)
Added Component: Designator=C19(0603P)
Added Component: Designator=D1(DIODE_SOP)
Added Component: Designator=D2(DIODE_SOP)
Added Component: Designator=P1(HDR1X4)
Added Component: Designator=R1(0603P)
Added Component: Designator=R2(0603P)
Added Component: Designator=R3(0603P)
Added Component: Designator=R4(0603P)
Added Component: Designator=R5(0603P)
Added Component: Designator=RESET?(KEY_M)
Added Component: Designator=U1(LQFP144)
Added Component: Designator=Y1(XTAL32)
Added Component: Designator=Y2(XTAL_US)
Added Pin To Net: NetName=GND Pin=BAT1-2
Added Pin To Net: NetName=GND Pin=C1-1
Added Pin To Net: NetName=GND Pin=C2-1
Added Pin To Net: NetName=GND Pin=C3-1
Added Pin To Net: NetName=GND Pin=C4-1
Added Pin To Net: NetName=GND Pin=C5-1
Added Pin To Net: NetName=GND Pin=C6-1
Added Pin To Net: NetName=GND Pin=C7-1
Added Pin To Net: NetName=GND Pin=C8-2
Added Pin To Net: NetName=GND Pin=C9-2
Added Pin To Net: NetName=GND Pin=C10-2
Added Pin To Net: NetName=GND Pin=C11-2
Added Pin To Net: NetName=GND Pin=C12-2
Added Pin To Net: NetName=GND Pin=C13-2
Added Pin To Net: NetName=GND Pin=C14-2
Added Pin To Net: NetName=GND Pin=C15-2
Added Pin To Net: NetName=GND Pin=C16-2
Added Pin To Net: NetName=GND Pin=C17-2
Added Pin To Net: NetName=GND Pin=C18-1
Added Pin To Net: NetName=GND Pin=C19-2
Added Pin To Net: NetName=GND Pin=P1-4
Added Pin To Net: NetName=GND Pin=RESET?-2
Added Pin To Net: NetName=GND Pin=RESET?-2
Added Pin To Net: NetName=GND Pin=U1-16
Added Pin To Net: NetName=GND Pin=U1-30
Added Pin To Net: NetName=GND Pin=U1-31
Added Pin To Net: NetName=GND Pin=U1-38
Added Pin To Net: NetName=GND Pin=U1-51
Added Pin To Net: NetName=GND Pin=U1-61
Added Pin To Net: NetName=GND Pin=U1-71
Added Pin To Net: NetName=GND Pin=U1-83
Added Pin To Net: NetName=GND Pin=U1-94
Added Pin To Net: NetName=GND Pin=U1-107
Added Pin To Net: NetName=GND Pin=U1-120
Added Pin To Net: NetName=GND Pin=U1-130
Added Pin To Net: NetName=GND Pin=U1-143
Added Net: Name=GND
Added Pin To Net: NetName=JTCK_SWCLK Pin=P1-3
Added Pin To Net: NetName=JTCK_SWCLK Pin=U1-109
Added Net: Name=JTCK_SWCLK
Added Pin To Net: NetName=JTMS_SWDIO Pin=P1-2
Added Pin To Net: NetName=JTMS_SWDIO Pin=U1-105
Added Net: Name=JTMS_SWDIO
Added Pin To Net: NetName=NetBAT1_1 Pin=BAT1-1
Added Pin To Net: NetName=NetBAT1_1 Pin=D2-1
Added Net: Name=NetBAT1_1
Added Pin To Net: NetName=NetC1_2 Pin=C1-2
Added Pin To Net: NetName=NetC1_2 Pin=U1-9
Added Pin To Net: NetName=NetC1_2 Pin=Y1-1
Added Net: Name=NetC1_2
Added Pin To Net: NetName=NetC2_2 Pin=C2-2
Added Pin To Net: NetName=NetC2_2 Pin=U1-8
Added Pin To Net: NetName=NetC2_2 Pin=Y1-2
Added Net: Name=NetC2_2
Added Pin To Net: NetName=NetC3_2 Pin=C3-2
Added Pin To Net: NetName=NetC3_2 Pin=D1-2
Added Pin To Net: NetName=NetC3_2 Pin=D2-2
Added Pin To Net: NetName=NetC3_2 Pin=U1-6
Added Net: Name=NetC3_2
Added Pin To Net: NetName=NetC4_2 Pin=C4-2
Added Pin To Net: NetName=NetC4_2 Pin=R1-1
Added Pin To Net: NetName=NetC4_2 Pin=Y2-1
Added Net: Name=NetC4_2
Added Pin To Net: NetName=NetC5_2 Pin=C5-2
Added Pin To Net: NetName=NetC5_2 Pin=R1-2
Added Pin To Net: NetName=NetC5_2 Pin=U1-23
Added Pin To Net: NetName=NetC5_2 Pin=Y2-2
Added Net: Name=NetC5_2
Added Pin To Net: NetName=RESET Pin=C19-1
Added Pin To Net: NetName=RESET Pin=R5-2
Added Pin To Net: NetName=RESET Pin=RESET?-1
Added Pin To Net: NetName=RESET Pin=RESET?-1
Added Pin To Net: NetName=RESET Pin=U1-25
Added Net: Name=RESET
Added Pin To Net: NetName=VCC3.3M Pin=C8-1
Added Pin To Net: NetName=VCC3.3M Pin=C9-1
Added Pin To Net: NetName=VCC3.3M Pin=C10-1
Added Pin To Net: NetName=VCC3.3M Pin=C11-1
Added Pin To Net: NetName=VCC3.3M Pin=C12-1
Added Pin To Net: NetName=VCC3.3M Pin=C13-1
Added Pin To Net: NetName=VCC3.3M Pin=C14-1
Added Pin To Net: NetName=VCC3.3M Pin=C15-1
Added Pin To Net: NetName=VCC3.3M Pin=C16-1
Added Pin To Net: NetName=VCC3.3M Pin=C17-1
Added Pin To Net: NetName=VCC3.3M Pin=C18-2
Added Pin To Net: NetName=VCC3.3M Pin=D1-1
Added Pin To Net: NetName=VCC3.3M Pin=R3-2
Added Pin To Net: NetName=VCC3.3M Pin=R4-2
Added Pin To Net: NetName=VCC3.3M Pin=U1-17
Added Pin To Net: NetName=VCC3.3M Pin=U1-39
Added Pin To Net: NetName=VCC3.3M Pin=U1-52
Added Pin To Net: NetName=VCC3.3M Pin=U1-62
Added Pin To Net: NetName=VCC3.3M Pin=U1-72
Added Pin To Net: NetName=VCC3.3M Pin=U1-84
Added Pin To Net: NetName=VCC3.3M Pin=U1-95
Added Pin To Net: NetName=VCC3.3M Pin=U1-108
Added Pin To Net: NetName=VCC3.3M Pin=U1-121
Added Pin To Net: NetName=VCC3.3M Pin=U1-131
Added Pin To Net: NetName=VCC3.3M Pin=U1-144
Added Net: Name=VCC3.3M
Added Pin To Net: NetName=VCC3.3 Pin=P1-1
Added Pin To Net: NetName=VCC3.3 Pin=R2-2
Added Pin To Net: NetName=VCC3.3 Pin=R5-1
Added Net: Name=VCC3.3
Added Pin To Net: NetName=VCC Pin=R3-1
Added Pin To Net: NetName=VCC Pin=R4-1
Added Net: Name=VCC
Added Pin To Net: NetName=VDDA Pin=C6-2
Added Pin To Net: NetName=VDDA Pin=C7-2
Added Pin To Net: NetName=VDDA Pin=R2-1
Added Pin To Net: NetName=VDDA Pin=U1-32
Added Pin To Net: NetName=VDDA Pin=U1-33
Added Net: Name=VDDA
Added Class: Name=5100
Added Room: Name=5100
