Added Component: Designator=C?(0603P)
Added Component: Designator=C?(0603P)
Added Component: Designator=C?(0603P)
Added Component: Designator=C?(0603P)
Added Component: Designator=C?(0603P)
Added Component: Designator=C?(0603P)
Added Component: Designator=C?(0603P)
Added Component: Designator=C?(0603P)
Added Component: Designator=C?(0603P)
Added Component: Designator=C?(0603P)
Added Component: Designator=C?(0603P)
Added Component: Designator=C?(0603P)
Added Component: Designator=R?(0603P)
Added Component: Designator=R?(0603P)
Added Component: Designator=U?(LQFP144)
Added Component: Designator=Y?(XTAL32)
Added Pin To Net: NetName=GND Pin=C?-1
Added Pin To Net: NetName=GND Pin=C?-1
Added Pin To Net: NetName=GND Pin=C?-2
Added Pin To Net: NetName=GND Pin=C?-2
Added Pin To Net: NetName=GND Pin=C?-2
Added Pin To Net: NetName=GND Pin=C?-2
Added Pin To Net: NetName=GND Pin=C?-2
Added Pin To Net: NetName=GND Pin=C?-2
Added Pin To Net: NetName=GND Pin=C?-2
Added Pin To Net: NetName=GND Pin=C?-2
Added Pin To Net: NetName=GND Pin=C?-2
Added Pin To Net: NetName=GND Pin=C?-2
Added Pin To Net: NetName=GND Pin=U?-16
Added Pin To Net: NetName=GND Pin=U?-38
Added Pin To Net: NetName=GND Pin=U?-51
Added Pin To Net: NetName=GND Pin=U?-61
Added Pin To Net: NetName=GND Pin=U?-71
Added Pin To Net: NetName=GND Pin=U?-83
Added Pin To Net: NetName=GND Pin=U?-94
Added Pin To Net: NetName=GND Pin=U?-107
Added Pin To Net: NetName=GND Pin=U?-120
Added Pin To Net: NetName=GND Pin=U?-130
Added Pin To Net: NetName=GND Pin=U?-143
Added Net: Name=GND
Added Pin To Net: NetName=NetC?_2 Pin=C?-2
Added Pin To Net: NetName=NetC?_2 Pin=U?-9
Added Pin To Net: NetName=NetC?_2 Pin=Y?-1
Added Net: Name=NetC?_2
Added Pin To Net: NetName=VCC3.3M Pin=C?-1
Added Pin To Net: NetName=VCC3.3M Pin=C?-1
Added Pin To Net: NetName=VCC3.3M Pin=C?-1
Added Pin To Net: NetName=VCC3.3M Pin=C?-1
Added Pin To Net: NetName=VCC3.3M Pin=C?-1
Added Pin To Net: NetName=VCC3.3M Pin=C?-1
Added Pin To Net: NetName=VCC3.3M Pin=C?-1
Added Pin To Net: NetName=VCC3.3M Pin=C?-1
Added Pin To Net: NetName=VCC3.3M Pin=C?-1
Added Pin To Net: NetName=VCC3.3M Pin=C?-1
Added Pin To Net: NetName=VCC3.3M Pin=R?-2
Added Pin To Net: NetName=VCC3.3M Pin=R?-2
Added Pin To Net: NetName=VCC3.3M Pin=U?-17
Added Pin To Net: NetName=VCC3.3M Pin=U?-39
Added Pin To Net: NetName=VCC3.3M Pin=U?-52
Added Pin To Net: NetName=VCC3.3M Pin=U?-62
Added Pin To Net: NetName=VCC3.3M Pin=U?-72
Added Pin To Net: NetName=VCC3.3M Pin=U?-84
Added Pin To Net: NetName=VCC3.3M Pin=U?-95
Added Pin To Net: NetName=VCC3.3M Pin=U?-108
Added Pin To Net: NetName=VCC3.3M Pin=U?-121
Added Pin To Net: NetName=VCC3.3M Pin=U?-131
Added Pin To Net: NetName=VCC3.3M Pin=U?-144
Added Net: Name=VCC3.3M
Added Pin To Net: NetName=VCC Pin=R?-1
Added Pin To Net: NetName=VCC Pin=R?-1
Added Net: Name=VCC
Added Class: Name=5100
Added Room: Name=5100
